<?xml version="1.0" encoding="utf-8"?><testsuite errors="0" failures="0" name="pytest" skipped="0" tests="5" time="0.079"><testcase classname="homework.task2.test_requestsapi" file="homework/task2/test_requestsapi.py" line="38" name="test_user_authorization" time="0.004"></testcase><testcase classname="homework.task2.test_requestsapi" file="homework/task2/test_requestsapi.py" line="43" name="test_to_create_item" time="0.003"></testcase><testcase classname="homework.task2.test_requestsapi" file="homework/task2/test_requestsapi.py" line="48" name="test_read_item" time="0.006"></testcase><testcase classname="homework.task2.test_requestsapi" file="homework/task2/test_requestsapi.py" line="58" name="test_delete_item" time="0.007"></testcase><testcase classname="homework.task2.test_requestsapi" file="homework/task2/test_requestsapi.py" line="64" name="test_receiving_400_error_respons_if_read_nonexistent_item" time="0.008"></testcase></testsuite>